2026-06-16 13:46:39 | DEBUG | P06 | No variables found in .env
2026-06-16 13:46:39 | INFO | P06 | === RUN START ===
2026-06-16 13:46:39 | INFO | P06 | project=P06
2026-06-16 13:46:39 | INFO | P06 | repo_dir=streaming-06-scenarios
2026-06-16 13:46:39 | INFO | P06 | python=3.14.5
2026-06-16 13:46:39 | INFO | P06 | os=Darwin 20.6.0
2026-06-16 13:46:39 | INFO | P06 | shell=zsh
2026-06-16 13:46:39 | INFO | P06 | cwd=.
2026-06-16 13:46:39 | INFO | P06 | github_actions=False
2026-06-16 13:46:39 | INFO | P06 | ========================
2026-06-16 13:46:39 | INFO | P06 | START producer main()
2026-06-16 13:46:39 | INFO | P06 | ========================
2026-06-16 13:46:39 | INFO | P06 | ROOT_DIR = .
2026-06-16 13:46:39 | INFO | P06 | DATA_DIR = data
2026-06-16 13:46:39 | INFO | P06 | SALES_CSV = data/sales.csv
2026-06-16 13:46:39 | INFO | P06 | REGIONS_CSV = data/regions.csv
2026-06-16 13:46:39 | INFO | P06 | PRODUCTS_CSV = data/products.csv
2026-06-16 13:46:39 | INFO | P06 | REJECTED_SALES_CSV = data/output/producer_rejected_sales.csv
2026-06-16 13:46:39 | INFO | P06 | ========================
2026-06-16 13:46:39 | INFO | P06 | SECTION A. Acquire
2026-06-16 13:46:39 | INFO | P06 | ========================
2026-06-16 13:46:39 | INFO | P06 | Loading settings from .env...
2026-06-16 13:46:39 | INFO | P06 | KAFKA_BOOTSTRAP_SERVERS           = localhost:9092
2026-06-16 13:46:39 | INFO | P06 | KAFKA_TOPIC                       = product-sales-case
2026-06-16 13:46:39 | INFO | P06 | PRODUCER_MESSAGE_COUNT            = 6
2026-06-16 13:46:39 | INFO | P06 | PRODUCER_MESSAGE_INTERVAL_SECONDS = 2.0
2026-06-16 13:46:39 | INFO | P06 | KAFKA_CLEAR_TOPIC_ON_START        = False
2026-06-16 13:46:39 | INFO | P06 | Verifying Kafka connection...
2026-06-16 13:46:39 | INFO | P06 | Kafka port is reachable.
2026-06-16 13:46:39 | INFO | P06 | Loading validation reference data...
2026-06-16 13:46:39 | INFO | P06 | Found 6 valid regions, 6 valid products.
2026-06-16 13:46:39 | INFO | P06 | ========================
2026-06-16 13:46:39 | INFO | P06 | SECTION P. Produce Messages
2026-06-16 13:46:39 | INFO | P06 | ========================
2026-06-16 13:46:39 | INFO | P06 | Initializing output...
2026-06-16 13:46:39 | INFO | P06 | Output directory ready: output
2026-06-16 13:46:39 | INFO | P06 | Sending messages...
2026-06-16 13:46:39 | INFO | P06 | Sending up to 6 message(s) to topic 'product-sales-case'.
2026-06-16 13:46:39 | INFO | P06 | Watch each sale arrive. Press CTRL+C to stop early.

2026-06-16 13:46:39 | INFO | P06 | {
  order_id: e7324981-a9f0-419f-b708-d0a333451fff
  datetime: 2026-05-04T08:11:00Z
  region_id: US-TX
  currency_code: USD
  product_id: PY-STREAM-005
  unit_price: 59.99
  quantity: 3
  is_online: true
  customer_id: CUST-4150
  is_new_customer: false
  device_type: tablet
  payment_method: paypal
  referral_source: paid_search
  discount_code: 
  customer_note: Gift for my team
}
2026-06-16 13:46:39 | INFO | P06 |   Sending message with key=US-TX
2026-06-16 13:46:39 | INFO | P06 |   MESSAGE SENT  sent=1
2026-06-16 13:46:41 | INFO | P06 | {
  order_id: d61943e0-f543-4b5f-9c9a-18605ea4cfe5
  datetime: 2026-05-04T08:23:00Z
  region_id: US-TX
  currency_code: USD
  product_id: PY-DATA-002
  unit_price: 49.99
  quantity: 1
  is_online: true
  customer_id: CUST-1106
  is_new_customer: false
  device_type: mobile
  payment_method: paypal
  referral_source: paid_search
  discount_code: 
  customer_note: Gift for my team
}
2026-06-16 13:46:41 | INFO | P06 |   Sending message with key=US-TX
2026-06-16 13:46:41 | INFO | P06 |   MESSAGE SENT  sent=2
2026-06-16 13:46:43 | INFO | P06 | {
  order_id: 14da1915-8e74-47be-9e10-f7275d31af46
  datetime: 2026-05-04T08:28:00Z
  region_id: CA-QC
  currency_code: CAD
  product_id: PY-NLP-006
  unit_price: 54.99
  quantity: 1
  is_online: true
  customer_id: CUST-2133
  is_new_customer: false
  device_type: desktop
  payment_method: paypal
  referral_source: organic
  discount_code: 
  customer_note: Learning at my own pace
}
2026-06-16 13:46:43 | INFO | P06 |   Sending message with key=CA-QC
2026-06-16 13:46:43 | INFO | P06 |   MESSAGE SENT  sent=3
2026-06-16 13:46:45 | INFO | P06 | {
  order_id: d77ed935-9b28-431d-bc25-0a3fd98f4154
  datetime: 2026-05-04T08:40:00Z
  region_id: US-CA
  currency_code: USD
  product_id: PY-STREAM-005
  unit_price: 59.99
  quantity: 1
  is_online: true
  customer_id: CUST-5333
  is_new_customer: false
  device_type: mobile
  payment_method: paypal
  referral_source: organic
  discount_code: 
  customer_note: Highly recommend
}
2026-06-16 13:46:45 | INFO | P06 |   Sending message with key=US-CA
2026-06-16 13:46:45 | INFO | P06 |   MESSAGE SENT  sent=4
2026-06-16 13:46:47 | INFO | P06 | {
  order_id: 24b91995-25f8-4ad7-8fa6-2e4c15750e5e
  datetime: 2026-05-04T08:41:00Z
  region_id: US-MO
  currency_code: USD
  product_id: PY-VIZ-003
  unit_price: 39.99
  quantity: 1
  is_online: true
  customer_id: CUST-8573
  is_new_customer: false
  device_type: mobile
  payment_method: apple_pay
  referral_source: paid_search
  discount_code: 
  customer_note: Learning at my own pace
}
2026-06-16 13:46:47 | INFO | P06 |   Sending message with key=US-MO
2026-06-16 13:46:47 | INFO | P06 |   MESSAGE SENT  sent=5
2026-06-16 13:46:49 | INFO | P06 | {
  order_id: 1ec0fc8b-998c-4f43-8a66-19e1fa7d5fa8
  datetime: 2026-05-04T08:54:00Z
  region_id: CA-ON
  currency_code: CAD
  product_id: PY-SQL-004
  unit_price: 44.99
  quantity: 1
  is_online: true
  customer_id: CUST-8062
  is_new_customer: false
  device_type: tablet
  payment_method: paypal
  referral_source: organic
  discount_code: 
  customer_note: 
}
2026-06-16 13:46:49 | INFO | P06 |   Sending message with key=CA-ON
2026-06-16 13:46:49 | INFO | P06 |   MESSAGE SENT  sent=6
2026-06-16 13:46:51 | INFO | P06 | Checking for rejected records...
2026-06-16 13:46:51 | INFO | P06 |   No records rejected.
2026-06-16 13:46:51 | INFO | P06 | ========================
2026-06-16 13:46:51 | INFO | P06 | SECTION E. Exit
2026-06-16 13:46:51 | INFO | P06 | ========================
2026-06-16 13:46:51 | INFO | P06 | Summary:
2026-06-16 13:46:51 | INFO | P06 | Sent 6 message(s) to topic 'product-sales-case'.
2026-06-16 13:46:51 | INFO | P06 | Rejected 0 message(s).
2026-06-16 13:46:51 | INFO | P06 | ========================
2026-06-16 13:46:52 | INFO | P06 | Producer executed successfully!
2026-06-16 13:46:52 | INFO | P06 | ========================
2026-06-16 13:48:02 | DEBUG | C06 | KAFKA_BOOTSTRAP_SERVERS           = localhost:9092
2026-06-16 13:48:02 | DEBUG | C06 | KAFKA_BROKER_ADDRESS_FAMILY       = v6
2026-06-16 13:48:02 | DEBUG | C06 | KAFKA_TOPIC                       = streaming-06-scenarios-case
2026-06-16 13:48:02 | DEBUG | C06 | KAFKA_CLEAR_TOPIC_ON_START        = true
2026-06-16 13:48:02 | DEBUG | C06 | PRODUCER_MESSAGE_COUNT            = 3
2026-06-16 13:48:02 | DEBUG | C06 | PRODUCER_MESSAGE_INTERVAL_SECONDS = 2
2026-06-16 13:48:02 | DEBUG | C06 | PRODUCER_MAX_MESSAGES             = 50
2026-06-16 13:48:02 | DEBUG | C06 | PRODUCER_POLL_INTERVAL_SECONDS    = 15
2026-06-16 13:48:02 | DEBUG | C06 | KAFKA_GROUP_ID                    = streaming-consumer-group-A
2026-06-16 13:48:02 | DEBUG | C06 | KAFKA_AUTO_OFFSET_RESET           = earliest
2026-06-16 13:48:02 | DEBUG | C06 | CONSUMER_TIMEOUT_SECONDS          = 10
2026-06-16 13:48:02 | DEBUG | C06 | CONSUMER_MAX_MESSAGES             = 1000
2026-06-16 13:48:02 | DEBUG | P06 | KAFKA_BOOTSTRAP_SERVERS           = localhost:9092
2026-06-16 13:48:02 | DEBUG | P06 | KAFKA_BROKER_ADDRESS_FAMILY       = v6
2026-06-16 13:48:02 | DEBUG | P06 | KAFKA_TOPIC                       = streaming-06-scenarios-case
2026-06-16 13:48:02 | DEBUG | P06 | KAFKA_CLEAR_TOPIC_ON_START        = true
2026-06-16 13:48:02 | DEBUG | P06 | PRODUCER_MESSAGE_COUNT            = 3
2026-06-16 13:48:02 | DEBUG | P06 | PRODUCER_MESSAGE_INTERVAL_SECONDS = 2
2026-06-16 13:48:02 | DEBUG | P06 | PRODUCER_MAX_MESSAGES             = 50
2026-06-16 13:48:02 | DEBUG | P06 | PRODUCER_POLL_INTERVAL_SECONDS    = 15
2026-06-16 13:48:02 | DEBUG | P06 | KAFKA_GROUP_ID                    = streaming-consumer-group-A
2026-06-16 13:48:02 | DEBUG | P06 | KAFKA_AUTO_OFFSET_RESET           = earliest
2026-06-16 13:48:02 | DEBUG | P06 | CONSUMER_TIMEOUT_SECONDS          = 10
2026-06-16 13:48:02 | DEBUG | P06 | CONSUMER_MAX_MESSAGES             = 1000
2026-06-16 13:54:42 | DEBUG | C06 | KAFKA_BOOTSTRAP_SERVERS           = localhost:9092
2026-06-16 13:54:42 | DEBUG | C06 | KAFKA_BROKER_ADDRESS_FAMILY       = v6
2026-06-16 13:54:42 | DEBUG | C06 | KAFKA_TOPIC                       = streaming-06-scenarios-case
2026-06-16 13:54:42 | DEBUG | C06 | KAFKA_CLEAR_TOPIC_ON_START        = true
2026-06-16 13:54:42 | DEBUG | C06 | PRODUCER_MESSAGE_COUNT            = 3
2026-06-16 13:54:42 | DEBUG | C06 | PRODUCER_MESSAGE_INTERVAL_SECONDS = 2
2026-06-16 13:54:42 | DEBUG | C06 | PRODUCER_MAX_MESSAGES             = 50
2026-06-16 13:54:42 | DEBUG | C06 | PRODUCER_POLL_INTERVAL_SECONDS    = 15
2026-06-16 13:54:42 | DEBUG | C06 | KAFKA_GROUP_ID                    = streaming-consumer-group-A
2026-06-16 13:54:42 | DEBUG | C06 | KAFKA_AUTO_OFFSET_RESET           = earliest
2026-06-16 13:54:42 | DEBUG | C06 | CONSUMER_TIMEOUT_SECONDS          = 10
2026-06-16 13:54:42 | DEBUG | C06 | CONSUMER_MAX_MESSAGES             = 1000
2026-06-16 13:54:42 | INFO | C06 | === RUN START ===
2026-06-16 13:54:42 | INFO | C06 | project=C06
2026-06-16 13:54:42 | INFO | C06 | repo_dir=streaming-06-scenarios
2026-06-16 13:54:42 | INFO | C06 | python=3.14.5
2026-06-16 13:54:42 | INFO | C06 | os=Darwin 20.6.0
2026-06-16 13:54:42 | INFO | C06 | shell=zsh
2026-06-16 13:54:42 | INFO | C06 | cwd=.
2026-06-16 13:54:42 | INFO | C06 | github_actions=False
2026-06-16 13:54:42 | INFO | C06 | ========================
2026-06-16 13:54:42 | INFO | C06 | START consumer main()
2026-06-16 13:54:42 | INFO | C06 | ========================
2026-06-16 13:54:42 | INFO | C06 | ROOT_DIR = .
2026-06-16 13:54:42 | INFO | C06 | DATA_DIR = data
2026-06-16 13:54:42 | INFO | C06 | OUTPUT_CSV = data/output/consumed_sales.csv
2026-06-16 13:54:42 | INFO | C06 | OUTPUT_DB = data/output/sales.duckdb
2026-06-16 13:54:42 | INFO | C06 | OUTPUT_CHART = data/output/sales_chart_case.png
2026-06-16 13:54:42 | INFO | C06 | REGIONS_CSV = data/regions.csv
2026-06-16 13:54:42 | INFO | C06 | PRODUCTS_CSV = data/products.csv
2026-06-16 13:54:42 | INFO | C06 | CURRENCIES_CSV = data/currencies.csv
2026-06-16 13:54:42 | INFO | C06 | DISCOUNT_CODES_CSV = data/discount_codes.csv
2026-06-16 13:54:42 | INFO | C06 | ========================
2026-06-16 13:54:42 | INFO | C06 | SECTION A. Acquire
2026-06-16 13:54:42 | INFO | C06 | ========================
2026-06-16 13:54:42 | INFO | C06 | Loading settings from .env...
2026-06-16 13:54:42 | INFO | C06 | KAFKA_BOOTSTRAP_SERVERS  = localhost:9092
2026-06-16 13:54:42 | INFO | C06 | KAFKA_TOPIC              = streaming-06-scenarios-case
2026-06-16 13:54:42 | INFO | C06 | KAFKA_GROUP_ID           = streaming-consumer-group-A
2026-06-16 13:54:42 | INFO | C06 | CONSUMER_TIMEOUT_SECONDS = 10.0
2026-06-16 13:54:42 | INFO | C06 | CONSUMER_MAX_MESSAGES    = 1000
2026-06-16 13:54:42 | INFO | C06 | Verifying Kafka connection...
2026-06-16 13:54:42 | INFO | C06 | Kafka port is reachable.
2026-06-16 13:54:42 | INFO | C06 | Verifying Kafka topic...
2026-06-16 13:54:42 | INFO | C06 | Topic 'streaming-06-scenarios-case' exists.
2026-06-16 13:54:42 | INFO | C06 | Found 0 message(s) available.
2026-06-16 13:54:42 | ERROR | C06 | Topic is empty. Run the producer first.
2026-06-16 13:55:22 | DEBUG | C06 | KAFKA_BOOTSTRAP_SERVERS           = localhost:9092
2026-06-16 13:55:22 | DEBUG | C06 | KAFKA_BROKER_ADDRESS_FAMILY       = v6
2026-06-16 13:55:22 | DEBUG | C06 | KAFKA_TOPIC                       = streaming-06-scenarios-case
2026-06-16 13:55:22 | DEBUG | C06 | KAFKA_CLEAR_TOPIC_ON_START        = true
2026-06-16 13:55:22 | DEBUG | C06 | PRODUCER_MESSAGE_COUNT            = 3
2026-06-16 13:55:22 | DEBUG | C06 | PRODUCER_MESSAGE_INTERVAL_SECONDS = 2
2026-06-16 13:55:22 | DEBUG | C06 | PRODUCER_MAX_MESSAGES             = 50
2026-06-16 13:55:22 | DEBUG | C06 | PRODUCER_POLL_INTERVAL_SECONDS    = 15
2026-06-16 13:55:22 | DEBUG | C06 | KAFKA_GROUP_ID                    = streaming-consumer-group-A
2026-06-16 13:55:22 | DEBUG | C06 | KAFKA_AUTO_OFFSET_RESET           = earliest
2026-06-16 13:55:22 | DEBUG | C06 | CONSUMER_TIMEOUT_SECONDS          = 10
2026-06-16 13:55:22 | DEBUG | C06 | CONSUMER_MAX_MESSAGES             = 1000
2026-06-16 13:55:22 | INFO | C06 | === RUN START ===
2026-06-16 13:55:22 | INFO | C06 | project=C06
2026-06-16 13:55:22 | INFO | C06 | repo_dir=streaming-06-scenarios
2026-06-16 13:55:22 | INFO | C06 | python=3.14.5
2026-06-16 13:55:22 | INFO | C06 | os=Darwin 20.6.0
2026-06-16 13:55:22 | INFO | C06 | shell=zsh
2026-06-16 13:55:22 | INFO | C06 | cwd=.
2026-06-16 13:55:22 | INFO | C06 | github_actions=False
2026-06-16 13:55:22 | INFO | C06 | ========================
2026-06-16 13:55:22 | INFO | C06 | START consumer main()
2026-06-16 13:55:22 | INFO | C06 | ========================
2026-06-16 13:55:22 | INFO | C06 | ROOT_DIR = .
2026-06-16 13:55:22 | INFO | C06 | DATA_DIR = data
2026-06-16 13:55:22 | INFO | C06 | OUTPUT_CSV = data/output/consumed_sales.csv
2026-06-16 13:55:22 | INFO | C06 | OUTPUT_DB = data/output/sales.duckdb
2026-06-16 13:55:22 | INFO | C06 | OUTPUT_CHART = data/output/sales_chart_case.png
2026-06-16 13:55:22 | INFO | C06 | REGIONS_CSV = data/regions.csv
2026-06-16 13:55:22 | INFO | C06 | PRODUCTS_CSV = data/products.csv
2026-06-16 13:55:22 | INFO | C06 | CURRENCIES_CSV = data/currencies.csv
2026-06-16 13:55:22 | INFO | C06 | DISCOUNT_CODES_CSV = data/discount_codes.csv
2026-06-16 13:55:22 | INFO | C06 | ========================
2026-06-16 13:55:22 | INFO | C06 | SECTION A. Acquire
2026-06-16 13:55:22 | INFO | C06 | ========================
2026-06-16 13:55:22 | INFO | C06 | Loading settings from .env...
2026-06-16 13:55:22 | INFO | C06 | KAFKA_BOOTSTRAP_SERVERS  = localhost:9092
2026-06-16 13:55:22 | INFO | C06 | KAFKA_TOPIC              = streaming-06-scenarios-case
2026-06-16 13:55:22 | INFO | C06 | KAFKA_GROUP_ID           = streaming-consumer-group-A
2026-06-16 13:55:22 | INFO | C06 | CONSUMER_TIMEOUT_SECONDS = 10.0
2026-06-16 13:55:22 | INFO | C06 | CONSUMER_MAX_MESSAGES    = 1000
2026-06-16 13:55:22 | INFO | C06 | Verifying Kafka connection...
2026-06-16 13:55:22 | INFO | C06 | Kafka port is reachable.
2026-06-16 13:55:22 | INFO | C06 | Verifying Kafka topic...
2026-06-16 13:55:23 | INFO | C06 | Topic 'streaming-06-scenarios-case' exists.
2026-06-16 13:55:23 | INFO | C06 | Found 0 message(s) available.
2026-06-16 13:55:23 | ERROR | C06 | Topic is empty. Run the producer first.
2026-06-16 13:55:37 | DEBUG | P06 | KAFKA_BOOTSTRAP_SERVERS           = localhost:9092
2026-06-16 13:55:37 | DEBUG | P06 | KAFKA_BROKER_ADDRESS_FAMILY       = v6
2026-06-16 13:55:37 | DEBUG | P06 | KAFKA_TOPIC                       = streaming-06-scenarios-case
2026-06-16 13:55:37 | DEBUG | P06 | KAFKA_CLEAR_TOPIC_ON_START        = true
2026-06-16 13:55:37 | DEBUG | P06 | PRODUCER_MESSAGE_COUNT            = 3
2026-06-16 13:55:37 | DEBUG | P06 | PRODUCER_MESSAGE_INTERVAL_SECONDS = 2
2026-06-16 13:55:37 | DEBUG | P06 | PRODUCER_MAX_MESSAGES             = 50
2026-06-16 13:55:37 | DEBUG | P06 | PRODUCER_POLL_INTERVAL_SECONDS    = 15
2026-06-16 13:55:37 | DEBUG | P06 | KAFKA_GROUP_ID                    = streaming-consumer-group-A
2026-06-16 13:55:37 | DEBUG | P06 | KAFKA_AUTO_OFFSET_RESET           = earliest
2026-06-16 13:55:37 | DEBUG | P06 | CONSUMER_TIMEOUT_SECONDS          = 10
2026-06-16 13:55:37 | DEBUG | P06 | CONSUMER_MAX_MESSAGES             = 1000
2026-06-16 13:55:37 | INFO | P06 | === RUN START ===
2026-06-16 13:55:37 | INFO | P06 | project=P06
2026-06-16 13:55:37 | INFO | P06 | repo_dir=streaming-06-scenarios
2026-06-16 13:55:37 | INFO | P06 | python=3.14.5
2026-06-16 13:55:37 | INFO | P06 | os=Darwin 20.6.0
2026-06-16 13:55:37 | INFO | P06 | shell=zsh
2026-06-16 13:55:37 | INFO | P06 | cwd=.
2026-06-16 13:55:37 | INFO | P06 | github_actions=False
2026-06-16 13:55:37 | INFO | P06 | ========================
2026-06-16 13:55:37 | INFO | P06 | START producer main()
2026-06-16 13:55:37 | INFO | P06 | ========================
2026-06-16 13:55:37 | INFO | P06 | ROOT_DIR = .
2026-06-16 13:55:37 | INFO | P06 | DATA_DIR = data
2026-06-16 13:55:37 | INFO | P06 | SALES_CSV = data/sales.csv
2026-06-16 13:55:37 | INFO | P06 | REGIONS_CSV = data/regions.csv
2026-06-16 13:55:37 | INFO | P06 | PRODUCTS_CSV = data/products.csv
2026-06-16 13:55:37 | INFO | P06 | REJECTED_SALES_CSV = data/output/producer_rejected_sales.csv
2026-06-16 13:55:37 | INFO | P06 | ========================
2026-06-16 13:55:37 | INFO | P06 | SECTION A. Acquire
2026-06-16 13:55:37 | INFO | P06 | ========================
2026-06-16 13:55:37 | INFO | P06 | Loading settings from .env...
2026-06-16 13:55:37 | INFO | P06 | KAFKA_BOOTSTRAP_SERVERS           = localhost:9092
2026-06-16 13:55:37 | INFO | P06 | KAFKA_TOPIC                       = streaming-06-scenarios-case
2026-06-16 13:55:37 | INFO | P06 | PRODUCER_MESSAGE_COUNT            = 3
2026-06-16 13:55:37 | INFO | P06 | PRODUCER_MESSAGE_INTERVAL_SECONDS = 2.0
2026-06-16 13:55:37 | INFO | P06 | KAFKA_CLEAR_TOPIC_ON_START        = True
2026-06-16 13:55:37 | INFO | P06 | Verifying Kafka connection...
2026-06-16 13:55:37 | INFO | P06 | Kafka port is reachable.
2026-06-16 13:55:37 | INFO | P06 | Loading validation reference data...
2026-06-16 13:55:37 | INFO | P06 | Found 6 valid regions, 6 valid products.
2026-06-16 13:55:37 | INFO | P06 | ========================
2026-06-16 13:55:37 | INFO | P06 | SECTION P. Produce Messages
2026-06-16 13:55:37 | INFO | P06 | ========================
2026-06-16 13:55:37 | INFO | P06 | Initializing output...
2026-06-16 13:55:37 | INFO | P06 | Output directory ready: output
2026-06-16 13:55:37 | INFO | P06 | Sending messages...
2026-06-16 13:55:37 | INFO | P06 | Sending up to 3 message(s) to topic 'streaming-06-scenarios-case'.
2026-06-16 13:55:37 | INFO | P06 | Watch each sale arrive. Press CTRL+C to stop early.

2026-06-16 13:55:37 | INFO | P06 | {
  order_id: e7324981-a9f0-419f-b708-d0a333451fff
  datetime: 2026-05-04T08:11:00Z
  region_id: US-TX
  currency_code: USD
  product_id: PY-STREAM-005
  unit_price: 59.99
  quantity: 3
  is_online: true
  customer_id: CUST-4150
  is_new_customer: false
  device_type: tablet
  payment_method: paypal
  referral_source: paid_search
  discount_code: 
  customer_note: Gift for my team
}
2026-06-16 13:55:37 | INFO | P06 |   Sending message with key=US-TX
2026-06-16 13:55:38 | INFO | P06 |   MESSAGE SENT  sent=1
2026-06-16 13:55:40 | INFO | P06 | {
  order_id: d61943e0-f543-4b5f-9c9a-18605ea4cfe5
  datetime: 2026-05-04T08:23:00Z
  region_id: US-TX
  currency_code: USD
  product_id: PY-DATA-002
  unit_price: 49.99
  quantity: 1
  is_online: true
  customer_id: CUST-1106
  is_new_customer: false
  device_type: mobile
  payment_method: paypal
  referral_source: paid_search
  discount_code: 
  customer_note: Gift for my team
}
2026-06-16 13:55:40 | INFO | P06 |   Sending message with key=US-TX
2026-06-16 13:55:40 | INFO | P06 |   MESSAGE SENT  sent=2
2026-06-16 13:55:42 | INFO | P06 | {
  order_id: 14da1915-8e74-47be-9e10-f7275d31af46
  datetime: 2026-05-04T08:28:00Z
  region_id: CA-QC
  currency_code: CAD
  product_id: PY-NLP-006
  unit_price: 54.99
  quantity: 1
  is_online: true
  customer_id: CUST-2133
  is_new_customer: false
  device_type: desktop
  payment_method: paypal
  referral_source: organic
  discount_code: 
  customer_note: Learning at my own pace
}
2026-06-16 13:55:42 | INFO | P06 |   Sending message with key=CA-QC
2026-06-16 13:55:42 | INFO | P06 |   MESSAGE SENT  sent=3
2026-06-16 13:55:44 | INFO | P06 | Checking for rejected records...
2026-06-16 13:55:44 | INFO | P06 |   No records rejected.
2026-06-16 13:55:44 | INFO | P06 | ========================
2026-06-16 13:55:44 | INFO | P06 | SECTION E. Exit
2026-06-16 13:55:44 | INFO | P06 | ========================
2026-06-16 13:55:44 | INFO | P06 | Summary:
2026-06-16 13:55:44 | INFO | P06 | Sent 3 message(s) to topic 'streaming-06-scenarios-case'.
2026-06-16 13:55:44 | INFO | P06 | Rejected 0 message(s).
2026-06-16 13:55:44 | INFO | P06 | ========================
2026-06-16 13:55:44 | INFO | P06 | Producer executed successfully!
2026-06-16 13:55:44 | INFO | P06 | ========================
2026-06-16 13:56:09 | DEBUG | C06 | KAFKA_BOOTSTRAP_SERVERS           = localhost:9092
2026-06-16 13:56:09 | DEBUG | C06 | KAFKA_BROKER_ADDRESS_FAMILY       = v6
2026-06-16 13:56:09 | DEBUG | C06 | KAFKA_TOPIC                       = streaming-06-scenarios-case
2026-06-16 13:56:09 | DEBUG | C06 | KAFKA_CLEAR_TOPIC_ON_START        = true
2026-06-16 13:56:09 | DEBUG | C06 | PRODUCER_MESSAGE_COUNT            = 3
2026-06-16 13:56:09 | DEBUG | C06 | PRODUCER_MESSAGE_INTERVAL_SECONDS = 2
2026-06-16 13:56:09 | DEBUG | C06 | PRODUCER_MAX_MESSAGES             = 50
2026-06-16 13:56:09 | DEBUG | C06 | PRODUCER_POLL_INTERVAL_SECONDS    = 15
2026-06-16 13:56:09 | DEBUG | C06 | KAFKA_GROUP_ID                    = streaming-consumer-group-A
2026-06-16 13:56:09 | DEBUG | C06 | KAFKA_AUTO_OFFSET_RESET           = earliest
2026-06-16 13:56:09 | DEBUG | C06 | CONSUMER_TIMEOUT_SECONDS          = 10
2026-06-16 13:56:09 | DEBUG | C06 | CONSUMER_MAX_MESSAGES             = 1000
2026-06-16 13:56:09 | INFO | C06 | === RUN START ===
2026-06-16 13:56:09 | INFO | C06 | project=C06
2026-06-16 13:56:09 | INFO | C06 | repo_dir=streaming-06-scenarios
2026-06-16 13:56:09 | INFO | C06 | python=3.14.5
2026-06-16 13:56:09 | INFO | C06 | os=Darwin 20.6.0
2026-06-16 13:56:09 | INFO | C06 | shell=zsh
2026-06-16 13:56:09 | INFO | C06 | cwd=.
2026-06-16 13:56:09 | INFO | C06 | github_actions=False
2026-06-16 13:56:09 | INFO | C06 | ========================
2026-06-16 13:56:09 | INFO | C06 | START consumer main()
2026-06-16 13:56:09 | INFO | C06 | ========================
2026-06-16 13:56:09 | INFO | C06 | ROOT_DIR = .
2026-06-16 13:56:09 | INFO | C06 | DATA_DIR = data
2026-06-16 13:56:09 | INFO | C06 | OUTPUT_CSV = data/output/consumed_sales.csv
2026-06-16 13:56:09 | INFO | C06 | OUTPUT_DB = data/output/sales.duckdb
2026-06-16 13:56:09 | INFO | C06 | OUTPUT_CHART = data/output/sales_chart_case.png
2026-06-16 13:56:09 | INFO | C06 | REGIONS_CSV = data/regions.csv
2026-06-16 13:56:09 | INFO | C06 | PRODUCTS_CSV = data/products.csv
2026-06-16 13:56:09 | INFO | C06 | CURRENCIES_CSV = data/currencies.csv
2026-06-16 13:56:09 | INFO | C06 | DISCOUNT_CODES_CSV = data/discount_codes.csv
2026-06-16 13:56:09 | INFO | C06 | ========================
2026-06-16 13:56:09 | INFO | C06 | SECTION A. Acquire
2026-06-16 13:56:09 | INFO | C06 | ========================
2026-06-16 13:56:09 | INFO | C06 | Loading settings from .env...
2026-06-16 13:56:09 | INFO | C06 | KAFKA_BOOTSTRAP_SERVERS  = localhost:9092
2026-06-16 13:56:09 | INFO | C06 | KAFKA_TOPIC              = streaming-06-scenarios-case
2026-06-16 13:56:09 | INFO | C06 | KAFKA_GROUP_ID           = streaming-consumer-group-A
2026-06-16 13:56:09 | INFO | C06 | CONSUMER_TIMEOUT_SECONDS = 10.0
2026-06-16 13:56:09 | INFO | C06 | CONSUMER_MAX_MESSAGES    = 1000
2026-06-16 13:56:09 | INFO | C06 | Verifying Kafka connection...
2026-06-16 13:56:09 | INFO | C06 | Kafka port is reachable.
2026-06-16 13:56:09 | INFO | C06 | Verifying Kafka topic...
2026-06-16 13:56:09 | INFO | C06 | Topic 'streaming-06-scenarios-case' exists.
2026-06-16 13:56:09 | INFO | C06 | Found 3 message(s) available.
2026-06-16 13:56:09 | INFO | C06 | Creating Kafka consumer...
2026-06-16 13:56:09 | INFO | C06 | Subscribed to topic: 'streaming-06-scenarios-case' (reading from beginning)
2026-06-16 13:56:09 | INFO | C06 | ========================
2026-06-16 13:56:09 | INFO | C06 | SECTION C. Consume and Process Messages
2026-06-16 13:56:09 | INFO | C06 | ========================
2026-06-16 13:56:09 | INFO | C06 | Initializing output...
2026-06-16 13:56:09 | INFO | C06 | Output CSV cleared: consumed_sales.csv
2026-06-16 13:56:09 | INFO | C06 | Database initialized: sales.duckdb
2026-06-16 13:56:10 | INFO | C06 | Live chart initialized.
2026-06-16 13:56:10 | INFO | C06 | Loading enrichment reference data...
2026-06-16 13:56:10 | INFO | C06 | Found 6 region tax rates.
2026-06-16 13:56:10 | INFO | C06 | Consuming messages...
2026-06-16 13:56:10 | INFO | C06 | Waiting for up to 1000 message(s).
2026-06-16 13:56:10 | INFO | C06 | Press CTRL+C to stop early.

2026-06-16 13:56:12 | INFO | C06 | {'currency_code': 'USD', 'customer_id': 'CUST-4150', 'customer_note': 'Gift for my team', 'datetime': '2026-05-04T08:11:00Z', 'device_type': 'tablet', 'discount_code': '', 'is_new_customer': 'false', 'is_online': 'true', 'order_id': 'e7324981-a9f0-419f-b708-d0a333451fff', 'payment_method': 'paypal', 'product_id': 'PY-STREAM-005', 'quantity': '3', 'referral_source': 'paid_search', 'region_id': 'US-TX', 'unit_price': '59.99', '_kafka_key': 'US-TX', '_kafka_partition': 0, '_kafka_offset': 0}
2026-06-16 13:56:12 | INFO | C06 | subtotal=179.97  tax=14.85  total=194.82  running_total=194.82
2026-06-16 13:56:12 | INFO | C06 | Wrote valid record to DuckDB:
2026-06-16 13:56:12 | INFO | C06 |   order=e7324981-a9f0-419f-b708-d0a333451fff
2026-06-16 13:56:12 | INFO | C06 | MESSAGE ACCEPTED
2026-06-16 13:56:12 | INFO | C06 | order=e7324981-a9f0-419f-b708-d0a333451fff
2026-06-16 13:56:12 | INFO | C06 | total=$194.82
2026-06-16 13:56:12 | INFO | C06 | consumed=1
2026-06-16 13:56:12 | INFO | C06 | RUNNING STATS
2026-06-16 13:56:12 | INFO | C06 | total_sales=$194.82
2026-06-16 13:56:12 | INFO | C06 | average=$194.82
2026-06-16 13:56:12 | INFO | C06 | min=$194.82
2026-06-16 13:56:12 | INFO | C06 | max=$194.82
2026-06-16 13:56:12 | INFO | C06 | {'currency_code': 'USD', 'customer_id': 'CUST-1106', 'customer_note': 'Gift for my team', 'datetime': '2026-05-04T08:23:00Z', 'device_type': 'mobile', 'discount_code': '', 'is_new_customer': 'false', 'is_online': 'true', 'order_id': 'd61943e0-f543-4b5f-9c9a-18605ea4cfe5', 'payment_method': 'paypal', 'product_id': 'PY-DATA-002', 'quantity': '1', 'referral_source': 'paid_search', 'region_id': 'US-TX', 'unit_price': '49.99', '_kafka_key': 'US-TX', '_kafka_partition': 0, '_kafka_offset': 1}
2026-06-16 13:56:12 | INFO | C06 | subtotal=49.99  tax=4.12  total=54.11  running_total=248.93
2026-06-16 13:56:12 | INFO | C06 | Wrote valid record to DuckDB:
2026-06-16 13:56:12 | INFO | C06 |   order=d61943e0-f543-4b5f-9c9a-18605ea4cfe5
2026-06-16 13:56:12 | INFO | C06 | MESSAGE ACCEPTED
2026-06-16 13:56:12 | INFO | C06 | order=d61943e0-f543-4b5f-9c9a-18605ea4cfe5
2026-06-16 13:56:12 | INFO | C06 | total=$54.11
2026-06-16 13:56:12 | INFO | C06 | consumed=2
2026-06-16 13:56:12 | INFO | C06 | RUNNING STATS
2026-06-16 13:56:12 | INFO | C06 | total_sales=$248.93
2026-06-16 13:56:12 | INFO | C06 | average=$124.47
2026-06-16 13:56:12 | INFO | C06 | min=$54.11
2026-06-16 13:56:12 | INFO | C06 | max=$194.82
2026-06-16 13:56:12 | INFO | C06 | {'currency_code': 'CAD', 'customer_id': 'CUST-2133', 'customer_note': 'Learning at my own pace', 'datetime': '2026-05-04T08:28:00Z', 'device_type': 'desktop', 'discount_code': '', 'is_new_customer': 'false', 'is_online': 'true', 'order_id': '14da1915-8e74-47be-9e10-f7275d31af46', 'payment_method': 'paypal', 'product_id': 'PY-NLP-006', 'quantity': '1', 'referral_source': 'organic', 'region_id': 'CA-QC', 'unit_price': '54.99', '_kafka_key': 'CA-QC', '_kafka_partition': 0, '_kafka_offset': 2}
2026-06-16 13:56:12 | INFO | C06 | subtotal=54.99  tax=8.23  total=63.22  running_total=312.15
2026-06-16 13:56:13 | INFO | C06 | Wrote valid record to DuckDB:
2026-06-16 13:56:13 | INFO | C06 |   order=14da1915-8e74-47be-9e10-f7275d31af46
2026-06-16 13:56:13 | INFO | C06 | MESSAGE ACCEPTED
2026-06-16 13:56:13 | INFO | C06 | order=14da1915-8e74-47be-9e10-f7275d31af46
2026-06-16 13:56:13 | INFO | C06 | total=$63.22
2026-06-16 13:56:13 | INFO | C06 | consumed=3
2026-06-16 13:56:13 | INFO | C06 | RUNNING STATS
2026-06-16 13:56:13 | INFO | C06 | total_sales=$312.15
2026-06-16 13:56:13 | INFO | C06 | average=$104.05
2026-06-16 13:56:13 | INFO | C06 | min=$54.11
2026-06-16 13:56:13 | INFO | C06 | max=$194.82
2026-06-16 13:56:23 | INFO | C06 | No message received within 10.0s timeout.
2026-06-16 13:56:23 | INFO | C06 | Producer finished or paused. Stopping consumer.
2026-06-16 13:56:23 | INFO | C06 | Kafka consumer closed.
2026-06-16 13:56:23 | INFO | C06 | Saving artifacts...
2026-06-16 13:56:23 | INFO | C06 | WROTE OUTPUT_CHART = data/output/sales_chart_case.png
2026-06-16 13:56:23 | INFO | C06 | WROTE OUTPUT_CSV = data/output/consumed_sales.csv
2026-06-16 13:56:23 | INFO | C06 | WROTE OUTPUT_DB = data/output/sales.duckdb
2026-06-16 13:56:23 | INFO | C06 | Live chart closed.
2026-06-16 13:56:23 | INFO | C06 | ========================
2026-06-16 13:56:23 | INFO | C06 | SECTION E. Exit
2026-06-16 13:56:23 | INFO | C06 | ========================
2026-06-16 13:56:23 | INFO | C06 | Summary:
2026-06-16 13:56:23 | INFO | C06 | Consumed 3 message(s) from topic 'streaming-06-scenarios-case'.
2026-06-16 13:56:23 | INFO | C06 | Skipped  0 message(s).
2026-06-16 13:56:23 | INFO | C06 | OUTPUT_CSV = data/output/consumed_sales.csv
2026-06-16 13:56:23 | INFO | C06 |   Total sales:  $312.15
2026-06-16 13:56:23 | INFO | C06 |   Average sale: $104.05
2026-06-16 13:56:23 | INFO | C06 |   Minimum sale: $54.11
2026-06-16 13:56:23 | INFO | C06 |   Maximum sale: $194.82
2026-06-16 13:56:23 | INFO | C06 | ========================
2026-06-16 13:56:23 | INFO | C06 | Consumer executed successfully!
2026-06-16 13:56:23 | INFO | C06 | ========================
